<?xml version="1.0" encoding="UTF-8"?>
<testng-results ignored="0" total="1" passed="1" failed="0" skipped="0">
  <reporter-output>
  </reporter-output>
  <suite started-at="2020-10-08T23:16:17 EDT" name="Default suite" finished-at="2020-10-08T23:16:28 EDT" duration-ms="10521">
    <groups>
    </groups>
    <test started-at="2020-10-08T23:16:17 EDT" name="Default test" finished-at="2020-10-08T23:16:28 EDT" duration-ms="10521">
      <class name="iphone.Base">
        <test-method signature="getSimulator()[pri:0, instance:iphone.Base@2d9d4f9d]" started-at="2020-10-08T23:16:17 EDT" name="getSimulator" finished-at="2020-10-08T23:16:28 EDT" duration-ms="10494" status="PASS">
          <reporter-output>
          </reporter-output>
        </test-method> <!-- getSimulator -->
      </class> <!-- iphone.Base -->
    </test> <!-- Default test -->
  </suite> <!-- Default suite -->
</testng-results>
